[debug] [2025-11-10T10:19:09.196Z] ----------------------------------------------------------------------
[debug] [2025-11-10T10:19:09.197Z] Command:       /home/chicho/.nvm/versions/node/v22.21.1/bin/node /usr/local/bin/firebase init
[debug] [2025-11-10T10:19:09.197Z] CLI Version:   14.24.1
[debug] [2025-11-10T10:19:09.197Z] Platform:      linux
[debug] [2025-11-10T10:19:09.197Z] Node Version:  v22.21.1
[debug] [2025-11-10T10:19:09.198Z] Time:          Mon Nov 10 2025 17:19:09 GMT+0700 (Indochina Time)
[debug] [2025-11-10T10:19:09.198Z] ----------------------------------------------------------------------
[debug] 
[info] 
     ######## #### ########  ######## ########     ###     ######  ########
     ##        ##  ##     ## ##       ##     ##  ##   ##  ##       ##
     ######    ##  ########  ######   ########  #########  ######  ######
     ##        ##  ##    ##  ##       ##     ## ##     ##       ## ##
     ##       #### ##     ## ######## ########  ##     ##  ######  ########

You're about to initialize a Firebase project in this directory:

  /home/chicho/Desktop/GubuntuForge

[debug] [2025-11-10T10:23:21.205Z] ExitPromptError: User force closed the prompt with SIGINT
    at Interface.sigint (/usr/local/lib/node_modules/firebase-tools/node_modules/@inquirer/core/dist/commonjs/lib/create-prompt.js:101:37)
    at Interface.emit (node:events:519:28)
    at Interface.emit (node:domain:489:12)
    at [_ttyWrite] [as _ttyWrite] (node:internal/readline/interface:1134:18)
    at ReadStream.onkeypress (node:internal/readline/interface:271:20)
    at ReadStream.emit (node:events:531:35)
    at ReadStream.emit (node:domain:489:12)
    at emitKeys (node:internal/readline/utils:370:14)
    at emitKeys.next (<anonymous>)
    at ReadStream.onData (node:internal/readline/emitKeypressEvents:64:36)
[error] 
[error] Error: An unexpected error has occurred.
